2019-05-24 17:36:05 INFO (MainThread) [homeassistant.setup] Setup of domain logger took 0.0 seconds.
2019-05-24 17:36:05 INFO (MainThread) [homeassistant.setup] Setting up http
2019-05-24 17:36:05 INFO (MainThread) [homeassistant.setup] Setup of domain http took 0.0 seconds.
2019-05-24 17:36:05 INFO (MainThread) [homeassistant.setup] Setting up system_log
2019-05-24 17:36:05 INFO (MainThread) [homeassistant.setup] Setup of domain system_log took 0.0 seconds.
2019-05-24 17:36:05 INFO (MainThread) [homeassistant.setup] Setting up recorder
2019-05-24 17:36:06 INFO (MainThread) [homeassistant.setup] Setup of domain recorder took 1.1 seconds.
2019-05-24 17:36:06 INFO (MainThread) [homeassistant.setup] Setting up discovery
2019-05-24 17:36:06 INFO (MainThread) [homeassistant.setup] Setup of domain discovery took 0.5 seconds.
2019-05-24 17:36:06 INFO (MainThread) [homeassistant.setup] Setting up rest_command
2019-05-24 17:36:06 INFO (MainThread) [homeassistant.setup] Setup of domain rest_command took 0.0 seconds.
2019-05-24 17:36:06 INFO (MainThread) [homeassistant.setup] Setting up input_boolean
2019-05-24 17:36:07 INFO (MainThread) [homeassistant.setup] Setting up group
2019-05-24 17:36:07 INFO (MainThread) [homeassistant.setup] Setting up updater
2019-05-24 17:36:07 INFO (MainThread) [homeassistant.setup] Setup of domain updater took 0.0 seconds.
2019-05-24 17:36:07 INFO (MainThread) [homeassistant.setup] Setting up tuya
2019-05-24 17:36:07 INFO (MainThread) [homeassistant.setup] Setting up yeelight
2019-05-24 17:36:07 INFO (SyncWorker_0) [homeassistant.loader] Loaded rpi_gpio from homeassistant.components.rpi_gpio
2019-05-24 17:36:07 INFO (MainThread) [homeassistant.setup] Setting up lovelace
2019-05-24 17:36:07 INFO (MainThread) [homeassistant.setup] Setup of domain lovelace took 0.0 seconds.
2019-05-24 17:36:07 INFO (MainThread) [homeassistant.setup] Setting up input_number
2019-05-24 17:36:07 INFO (MainThread) [homeassistant.setup] Setting up zone
2019-05-24 17:36:07 INFO (MainThread) [homeassistant.setup] Setup of domain zone took 0.0 seconds.
2019-05-24 17:36:07 INFO (SyncWorker_7) [homeassistant.loader] Loaded time_date from homeassistant.components.time_date
2019-05-24 17:36:07 INFO (MainThread) [homeassistant.setup] Setting up person
2019-05-24 17:36:07 INFO (MainThread) [homeassistant.setup] Setting up xiaomi_aqara
2019-05-24 17:36:07 INFO (MainThread) [homeassistant.setup] Setting up sun
2019-05-24 17:36:07 INFO (MainThread) [homeassistant.setup] Setup of domain sun took 0.1 seconds.
2019-05-24 17:36:07 INFO (SyncWorker_19) [homeassistant.components.xiaomi_aqara] Discovering Xiaomi Gateways (Try 1)
2019-05-24 17:36:07 INFO (SyncWorker_3) [homeassistant.loader] Loaded template from homeassistant.components.template
2019-05-24 17:36:07 INFO (SyncWorker_14) [homeassistant.loader] Loaded dht from homeassistant.components.dht
2019-05-24 17:36:07 INFO (MainThread) [homeassistant.setup] Setting up system_health
2019-05-24 17:36:07 INFO (MainThread) [homeassistant.setup] Setup of domain system_health took 0.0 seconds.
2019-05-24 17:36:07 INFO (MainThread) [homeassistant.setup] Setting up webhook
2019-05-24 17:36:07 INFO (MainThread) [homeassistant.setup] Setup of domain webhook took 0.0 seconds.
2019-05-24 17:36:07 INFO (MainThread) [homeassistant.setup] Setting up config
2019-05-24 17:36:07 INFO (MainThread) [homeassistant.setup] Setting up conversation
2019-05-24 17:36:07 INFO (MainThread) [homeassistant.setup] Setup of domain conversation took 0.0 seconds.
2019-05-24 17:36:07 INFO (MainThread) [homeassistant.setup] Setting up api
2019-05-24 17:36:07 INFO (MainThread) [homeassistant.setup] Setting up websocket_api
2019-05-24 17:36:07 INFO (MainThread) [homeassistant.setup] Setup of domain websocket_api took 0.0 seconds.
2019-05-24 17:36:07 INFO (MainThread) [homeassistant.setup] Setting up auth
2019-05-24 17:36:07 INFO (MainThread) [homeassistant.setup] Setup of domain auth took 0.0 seconds.
2019-05-24 17:36:07 INFO (MainThread) [homeassistant.setup] Setting up history
2019-05-24 17:36:07 INFO (MainThread) [homeassistant.setup] Setup of domain history took 0.0 seconds.
2019-05-24 17:36:07 INFO (MainThread) [homeassistant.setup] Setting up binary_sensor
2019-05-24 17:36:07 INFO (MainThread) [homeassistant.setup] Setup of domain yeelight took 0.6 seconds.
2019-05-24 17:36:07 INFO (MainThread) [homeassistant.components.binary_sensor] Setting up binary_sensor.template
2019-05-24 17:36:07 INFO (MainThread) [homeassistant.setup] Setup of domain api took 0.2 seconds.
2019-05-24 17:36:07 INFO (SyncWorker_2) [homeassistant.loader] Loaded command_line from homeassistant.components.command_line
2019-05-24 17:36:07 INFO (SyncWorker_19) [xiaomi_gateway] Xiaomi Gateway 7811dcb1f087 found at IP 192.168.0.191
2019-05-24 17:36:07 INFO (SyncWorker_19) [xiaomi_gateway] Discovering Xiaomi Devices
2019-05-24 17:36:07 INFO (SyncWorker_19) [xiaomi_gateway] Found 6 devices
2019-05-24 17:36:08 INFO (MainThread) [homeassistant.setup] Setting up cloud
2019-05-24 17:36:10 INFO (MainThread) [homeassistant.setup] Setup of domain config took 2.6 seconds.
2019-05-24 17:36:10 INFO (MainThread) [homeassistant.setup] Setting up rpi_gpio
2019-05-24 17:36:10 INFO (MainThread) [homeassistant.setup] Setting up onboarding
2019-05-24 17:36:10 INFO (MainThread) [homeassistant.setup] Setting up sensor
2019-05-24 17:36:10 INFO (MainThread) [homeassistant.setup] Setting up zeroconf
2019-05-24 17:36:10 INFO (MainThread) [homeassistant.components.sensor] Setting up sensor.command_line
2019-05-24 17:36:10 INFO (MainThread) [homeassistant.components.sensor] Setting up sensor.dht
2019-05-24 17:36:10 INFO (MainThread) [homeassistant.components.sensor] Setting up sensor.template
2019-05-24 17:36:10 INFO (MainThread) [homeassistant.components.sensor] Setting up sensor.time_date
2019-05-24 17:36:10 INFO (SyncWorker_14) [homeassistant.loader] Loaded scene from homeassistant.components.scene
2019-05-24 17:36:10 INFO (MainThread) [homeassistant.setup] Setup of domain rpi_gpio took 0.2 seconds.
2019-05-24 17:36:10 INFO (MainThread) [homeassistant.setup] Setup of domain cloud took 1.4 seconds.
2019-05-24 17:36:10 INFO (MainThread) [homeassistant.setup] Setup of domain onboarding took 0.3 seconds.
2019-05-24 17:36:10 INFO (MainThread) [homeassistant.components.binary_sensor] Setting up binary_sensor.rpi_gpio
2019-05-24 17:36:10 INFO (MainThread) [homeassistant.components.binary_sensor] Setting up binary_sensor.rpi_gpio
2019-05-24 17:36:10 INFO (MainThread) [homeassistant.setup] Setup of domain tuya took 3.3 seconds.
2019-05-24 17:36:10 INFO (MainThread) [homeassistant.setup] Setting up scene
2019-05-24 17:36:10 INFO (MainThread) [homeassistant.setup] Setup of domain scene took 0.0 seconds.
2019-05-24 17:36:10 INFO (MainThread) [homeassistant.setup] Setup of domain input_boolean took 3.4 seconds.
2019-05-24 17:36:10 INFO (MainThread) [homeassistant.setup] Setup of domain input_number took 3.2 seconds.
2019-05-24 17:36:10 INFO (MainThread) [homeassistant.setup] Setup of domain person took 3.2 seconds.
2019-05-24 17:36:10 INFO (MainThread) [homeassistant.setup] Setting up frontend
2019-05-24 17:36:11 INFO (MainThread) [homeassistant.components.scene] Setting up scene.tuya
2019-05-24 17:36:11 INFO (MainThread) [homeassistant.setup] Setup of domain frontend took 0.6 seconds.
2019-05-24 17:36:11 INFO (MainThread) [homeassistant.setup] Setting up map
2019-05-24 17:36:11 INFO (MainThread) [homeassistant.setup] Setup of domain map took 0.0 seconds.
2019-05-24 17:36:11 INFO (MainThread) [homeassistant.setup] Setting up logbook
2019-05-24 17:36:11 INFO (MainThread) [homeassistant.setup] Setup of domain logbook took 0.0 seconds.
2019-05-24 17:36:11 INFO (MainThread) [homeassistant.setup] Setting up panel_custom
2019-05-24 17:36:11 INFO (MainThread) [homeassistant.setup] Setup of domain panel_custom took 0.0 seconds.
2019-05-24 17:36:11 INFO (MainThread) [homeassistant.setup] Setting up hassio
2019-05-24 17:36:11 INFO (MainThread) [homeassistant.setup] Setup of domain group took 4.2 seconds.
2019-05-24 17:36:11 INFO (MainThread) [homeassistant.setup] Setting up automation
2019-05-24 17:36:11 INFO (MainThread) [homeassistant.setup] Setting up switch
2019-05-24 17:36:11 INFO (MainThread) [homeassistant.setup] Setting up script
2019-05-24 17:36:11 INFO (SyncWorker_2) [homeassistant.loader] Loaded xiaomi_miio from homeassistant.components.xiaomi_miio
2019-05-24 17:36:11 INFO (SyncWorker_16) [homeassistant.loader] Loaded ping from homeassistant.components.ping
2019-05-24 17:36:11 INFO (MainThread) [homeassistant.components.switch] Setting up switch.rpi_gpio
2019-05-24 17:36:11 INFO (MainThread) [homeassistant.components.switch] Setting up switch.template
2019-05-24 17:36:11 INFO (MainThread) [homeassistant.setup] Setting up light
2019-05-24 17:36:11 INFO (MainThread) [homeassistant.setup] Setup of domain script took 0.2 seconds.
2019-05-24 17:36:11 INFO (SyncWorker_18) [homeassistant.loader] Loaded nmap_tracker from homeassistant.components.nmap_tracker
2019-05-24 17:36:11 INFO (MainThread) [homeassistant.components.light] Setting up light.template
2019-05-24 17:36:11 INFO (MainThread) [homeassistant.components.light] Setting up light.group
2019-05-24 17:36:11 INFO (MainThread) [homeassistant.components.light] Setting up light.xiaomi_miio
2019-05-24 17:36:12 INFO (MainThread) [homeassistant.components.xiaomi_miio.light] Initializing with host 192.168.0.150 (token 9fb9e...)
2019-05-24 17:36:12 INFO (MainThread) [homeassistant.setup] Setting up device_tracker
2019-05-24 17:36:12 INFO (MainThread) [homeassistant.setup] Setup of domain zeroconf took 2.1 seconds.
2019-05-24 17:36:12 INFO (MainThread) [homeassistant.setup] Setup of domain automation took 1.0 seconds.
2019-05-24 17:36:12 INFO (MainThread) [homeassistant.setup] Setup of domain switch took 1.1 seconds.
2019-05-24 17:36:12 INFO (MainThread) [homeassistant.components.light] Setting up light.switch
2019-05-24 17:36:12 INFO (MainThread) [homeassistant.components.switch] Setting up switch.tuya
2019-05-24 17:36:12 INFO (MainThread) [homeassistant.setup] Setup of domain binary_sensor took 4.8 seconds.
2019-05-24 17:36:12 INFO (MainThread) [homeassistant.components.device_tracker] Setting up device_tracker.nmap_tracker
2019-05-24 17:36:12 INFO (MainThread) [homeassistant.components.device_tracker] Setting up device_tracker.ping
2019-05-24 17:36:12 INFO (MainThread) [homeassistant.components.binary_sensor] Setting up binary_sensor.yeelight
2019-05-24 17:36:12 INFO (MainThread) [homeassistant.components.binary_sensor] Setting up binary_sensor.yeelight
2019-05-24 17:36:12 INFO (MainThread) [homeassistant.components.binary_sensor] Setting up binary_sensor.yeelight
2019-05-24 17:36:12 INFO (MainThread) [homeassistant.components.binary_sensor] Setting up binary_sensor.yeelight
2019-05-24 17:36:12 INFO (MainThread) [homeassistant.setup] Setup of domain light took 1.1 seconds.
2019-05-24 17:36:12 INFO (MainThread) [homeassistant.components.light] Setting up light.yeelight
2019-05-24 17:36:12 INFO (MainThread) [homeassistant.components.light] Setting up light.yeelight
2019-05-24 17:36:12 INFO (MainThread) [homeassistant.components.light] Setting up light.yeelight
2019-05-24 17:36:12 INFO (MainThread) [homeassistant.components.light] Setting up light.yeelight
2019-05-24 17:36:12 INFO (MainThread) [homeassistant.setup] Setup of domain hassio took 1.6 seconds.
2019-05-24 17:36:12 INFO (SyncWorker_19) [xiaomi_gateway] Gateway discovery finished in 5 seconds
2019-05-24 17:36:12 INFO (SyncWorker_19) [xiaomi_gateway] Creating Multicast Socket
2019-05-24 17:36:12 INFO (SyncWorker_18) [homeassistant.loader] Loaded lock from homeassistant.components.lock
2019-05-24 17:36:12 INFO (SyncWorker_10) [homeassistant.loader] Loaded cover from homeassistant.components.cover
2019-05-24 17:36:12 INFO (MainThread) [homeassistant.setup] Setting up lock
2019-05-24 17:36:12 INFO (MainThread) [homeassistant.setup] Setup of domain lock took 0.0 seconds.
2019-05-24 17:36:12 INFO (MainThread) [homeassistant.setup] Setting up cover
2019-05-24 17:36:12 INFO (MainThread) [homeassistant.setup] Setup of domain cover took 0.0 seconds.
2019-05-24 17:36:12 INFO (MainThread) [homeassistant.setup] Setup of domain xiaomi_aqara took 5.8 seconds.
2019-05-24 17:36:13 INFO (MainThread) [homeassistant.components.binary_sensor] Setting up binary_sensor.xiaomi_aqara
2019-05-24 17:36:13 INFO (MainThread) [homeassistant.components.switch] Setting up switch.xiaomi_aqara
2019-05-24 17:36:13 INFO (MainThread) [homeassistant.components.light] Setting up light.xiaomi_aqara
2019-05-24 17:36:13 INFO (MainThread) [homeassistant.components.lock] Setting up lock.xiaomi_aqara
2019-05-24 17:36:13 INFO (MainThread) [homeassistant.components.cover] Setting up cover.xiaomi_aqara
2019-05-24 17:36:13 INFO (MainThread) [homeassistant.setup] Setup of domain sensor took 3.4 seconds.
2019-05-24 17:36:13 INFO (MainThread) [homeassistant.components.sensor] Setting up sensor.xiaomi_aqara
2019-05-24 17:36:25 INFO (MainThread) [homeassistant.setup] Setup of domain device_tracker took 12.7 seconds.
2019-05-24 17:36:25 INFO (MainThread) [homeassistant.setup] Setting up mobile_app
2019-05-24 17:36:25 INFO (MainThread) [homeassistant.setup] Setup of domain mobile_app took 0.0 seconds.
2019-05-24 17:36:25 INFO (SyncWorker_5) [homeassistant.loader] Loaded notify from homeassistant.components.notify
2019-05-24 17:36:25 INFO (MainThread) [homeassistant.setup] Setting up default_config
2019-05-24 17:36:25 INFO (MainThread) [homeassistant.setup] Setting up notify
2019-05-24 17:36:25 INFO (MainThread) [homeassistant.setup] Setup of domain notify took 0.0 seconds.
2019-05-24 17:36:25 INFO (SyncWorker_10) [homeassistant.loader] Loaded stream from homeassistant.components.stream
2019-05-24 17:36:25 INFO (MainThread) [homeassistant.components.notify] Setting up notify.mobile_app
2019-05-24 17:36:25 INFO (MainThread) [homeassistant.setup] Setting up stream
2019-05-24 17:36:25 INFO (MainThread) [homeassistant.setup] Setup of domain stream took 0.0 seconds.
2019-05-24 17:36:25 INFO (MainThread) [homeassistant.setup] Setup of domain default_config took 0.0 seconds.
2019-05-24 17:36:25 INFO (MainThread) [homeassistant.bootstrap] Home Assistant initialized in 21.45s
2019-05-24 17:36:25 INFO (MainThread) [homeassistant.core] Starting Home Assistant
2019-05-24 17:36:25 INFO (MainThread) [homeassistant.core] Timer:starting
2019-05-24 17:36:25 INFO (SyncWorker_7) [homeassistant.loader] Loaded esphome from homeassistant.components.esphome
2019-05-24 17:36:27 INFO (SyncWorker_17) [homeassistant.loader] Loaded twilio from homeassistant.components.twilio
2019-05-24 17:36:28 INFO (SyncWorker_12) [homeassistant.loader] Loaded deconz from homeassistant.components.deconz
2019-05-24 17:36:28 INFO (SyncWorker_15) [homeassistant.loader] Loaded hue from homeassistant.components.hue
2019-05-24 17:36:28 INFO (SyncWorker_17) [homeassistant.loader] Loaded mailgun from homeassistant.components.mailgun
2019-05-24 17:36:29 INFO (SyncWorker_15) [homeassistant.loader] Loaded ios from homeassistant.components.ios
2019-05-24 17:36:30 INFO (SyncWorker_18) [homeassistant.loader] Loaded dialogflow from homeassistant.components.dialogflow
2019-05-24 17:36:30 INFO (SyncWorker_5) [homeassistant.loader] Loaded openuv from homeassistant.components.openuv
2019-05-24 17:36:30 INFO (SyncWorker_8) [homeassistant.loader] Loaded ps4 from homeassistant.components.ps4
2019-05-24 17:36:31 INFO (SyncWorker_10) [homeassistant.loader] Loaded zwave from homeassistant.components.zwave
2019-05-24 17:36:31 INFO (SyncWorker_14) [homeassistant.loader] Loaded ambiclimate from homeassistant.components.ambiclimate
2019-05-24 17:36:31 INFO (SyncWorker_15) [homeassistant.loader] Loaded lifx from homeassistant.components.lifx
2019-05-24 17:36:31 INFO (SyncWorker_7) [homeassistant.loader] Loaded ifttt from homeassistant.components.ifttt
2019-05-24 17:36:31 INFO (SyncWorker_17) [homeassistant.loader] Loaded ambient_station from homeassistant.components.ambient_station
2019-05-24 17:36:32 INFO (SyncWorker_1) [homeassistant.loader] Loaded locative from homeassistant.components.locative
2019-05-24 17:36:32 INFO (SyncWorker_13) [homeassistant.loader] Loaded rainmachine from homeassistant.components.rainmachine
2019-05-24 17:36:32 INFO (SyncWorker_5) [homeassistant.loader] Loaded cast from homeassistant.components.cast
2019-05-24 17:36:32 INFO (SyncWorker_8) [homeassistant.loader] Loaded smhi from homeassistant.components.smhi
2019-05-24 17:36:32 INFO (SyncWorker_10) [homeassistant.loader] Loaded homematicip_cloud from homeassistant.components.homematicip_cloud
2019-05-24 17:36:32 INFO (SyncWorker_14) [homeassistant.loader] Loaded tradfri from homeassistant.components.tradfri
2019-05-24 17:36:32 INFO (SyncWorker_15) [homeassistant.loader] Loaded emulated_roku from homeassistant.components.emulated_roku
2019-05-24 17:36:32 INFO (SyncWorker_7) [homeassistant.loader] Loaded zha from homeassistant.components.zha
2019-05-24 17:36:32 INFO (SyncWorker_17) [homeassistant.loader] Loaded upnp from homeassistant.components.upnp
2019-05-24 17:36:32 INFO (SyncWorker_1) [homeassistant.loader] Loaded simplisafe from homeassistant.components.simplisafe
2019-05-24 17:36:32 INFO (SyncWorker_6) [homeassistant.loader] Loaded axis from homeassistant.components.axis
2019-05-24 17:36:32 INFO (SyncWorker_13) [homeassistant.loader] Loaded ipma from homeassistant.components.ipma
2019-05-24 17:36:33 INFO (SyncWorker_11) [homeassistant.loader] Loaded smartthings from homeassistant.components.smartthings
2019-05-24 17:36:33 INFO (SyncWorker_8) [homeassistant.loader] Loaded sonos from homeassistant.components.sonos
2019-05-24 17:36:33 INFO (SyncWorker_10) [homeassistant.loader] Loaded point from homeassistant.components.point
2019-05-24 17:36:33 INFO (SyncWorker_14) [homeassistant.loader] Loaded hangouts from homeassistant.components.hangouts
2019-05-24 17:36:33 INFO (SyncWorker_15) [homeassistant.loader] Loaded luftdaten from homeassistant.components.luftdaten
2019-05-24 17:36:33 INFO (SyncWorker_7) [homeassistant.loader] Loaded daikin from homeassistant.components.daikin
2019-05-24 17:36:33 INFO (SyncWorker_17) [homeassistant.loader] Loaded tellduslive from homeassistant.components.tellduslive
2019-05-24 17:36:33 INFO (SyncWorker_1) [homeassistant.loader] Loaded logi_circle from homeassistant.components.logi_circle
2019-05-24 17:36:33 INFO (SyncWorker_6) [homeassistant.loader] Loaded gpslogger from homeassistant.components.gpslogger
2019-05-24 17:36:33 INFO (SyncWorker_13) [homeassistant.loader] Loaded geofency from homeassistant.components.geofency
2019-05-24 17:36:33 INFO (SyncWorker_11) [homeassistant.loader] Loaded tplink from homeassistant.components.tplink
2019-05-24 17:36:33 INFO (SyncWorker_8) [homeassistant.loader] Loaded unifi from homeassistant.components.unifi
2019-05-24 17:36:33 INFO (SyncWorker_10) [homeassistant.loader] Loaded owntracks from homeassistant.components.owntracks
2019-05-24 17:36:33 INFO (SyncWorker_14) [homeassistant.loader] Loaded toon from homeassistant.components.toon
2019-05-24 17:36:33 INFO (SyncWorker_15) [homeassistant.loader] Loaded heos from homeassistant.components.heos
2019-05-24 17:36:33 INFO (SyncWorker_7) [homeassistant.loader] Loaded mqtt from homeassistant.components.mqtt
2019-05-24 17:36:33 INFO (SyncWorker_2) [homeassistant.loader] Loaded nest from homeassistant.components.nest
2019-05-24 17:36:45 WARNING (MainThread) [homeassistant.components.webhook] Received message for unregistered webhook 6f54c9145f2261d59f9cf8b743cd988f3fc9c64c77e2a42ebf4eda9c709e9fff
2019-05-24 17:36:48 INFO (MainThread) [homeassistant.components.discovery] Unknown service discovered: home_assistant {'host': '192.168.0.220', 'port': 8123, 'hostname': 'Home._home-assistant._tcp.local.', 'properties': {'version': '0.93.2', 'base_url': 'http://192.168.0.240:8123', 'requires_api_password': True}}
2019-05-24 17:36:48 INFO (MainThread) [homeassistant.components.discovery] Unknown service discovered: home_assistant {'host': '192.168.0.241', 'port': 8123, 'hostname': 'Testbed._home-assistant._tcp.local.', 'properties': {'version': '0.93.1', 'base_url': 'http://192.168.0.241:8123', 'requires_api_password': True}}
2019-05-24 17:36:48 INFO (MainThread) [homeassistant.components.discovery] Ignoring service: yeelight {'host': '192.168.0.73', 'port': 54321, 'hostname': 'yeelink-light-color2_miio131155263.local.', 'properties': {'epoch': '1', 'mac': '04cf8c84b46d'}, 'mac_address': '04cf8c84b46d', 'device_type': 'color2'}
2019-05-24 17:36:48 INFO (MainThread) [homeassistant.components.discovery] Ignoring service: yeelight {'host': '192.168.0.72', 'port': 54321, 'hostname': 'yeelink-light-color1_miio57798391.local.', 'properties': {'epoch': '1', 'mac': '34ce008ffb44'}, 'mac_address': '34ce008ffb44', 'device_type': 'color1'}
2019-05-24 17:36:48 INFO (MainThread) [homeassistant.components.discovery] Ignoring service: yeelight {'host': '192.168.0.71', 'port': 54321, 'hostname': 'yeelink-light-color1_miio57704721.local.', 'properties': {'epoch': '1', 'mac': '34ce008e8d5e'}, 'mac_address': '34ce008e8d5e', 'device_type': 'color1'}
2019-05-24 17:36:48 INFO (MainThread) [homeassistant.components.discovery] Ignoring service: yeelight {'host': '192.168.0.74', 'port': 54321, 'hostname': 'yeelink-light-color2_miio133505534.local.', 'properties': {'epoch': '1', 'mac': '04cf8ca8912c'}, 'mac_address': '04cf8ca8912c', 'device_type': 'color2'}
2019-05-24 17:36:48 INFO (MainThread) [homeassistant.components.discovery] Found new service: xiaomi_gw {'host': '192.168.0.191', 'port': 54321, 'hostname': 'lumi-gateway-v3_miio78431457.local.', 'properties': {'epoch': '1', 'mac': '7811dcb1f087'}, 'mac_address': '7811dcb1f087'}
2019-05-24 17:37:21 ERROR (MainThread) [homeassistant.components.websocket_api.http.connection.1821627024] HTTPSConnectionPool(host='px1.tuyaeu.com', port=443): Max retries exceeded with url: /homeassistant/skill (Caused by NewConnectionError('<urllib3.connection.VerifiedHTTPSConnection object at 0x6c6f3d90>: Failed to establish a new connection: [Errno -3] Try again'))
Traceback (most recent call last):
  File "/usr/local/lib/python3.7/site-packages/urllib3/connection.py", line 159, in _new_conn
    (self._dns_host, self.port), self.timeout, **extra_kw)
  File "/usr/local/lib/python3.7/site-packages/urllib3/util/connection.py", line 57, in create_connection
    for res in socket.getaddrinfo(host, port, family, socket.SOCK_STREAM):
  File "/usr/local/lib/python3.7/socket.py", line 748, in getaddrinfo
    for res in _socket.getaddrinfo(host, port, family, type, proto, flags):
socket.gaierror: [Errno -3] Try again

During handling of the above exception, another exception occurred:

Traceback (most recent call last):
  File "/usr/local/lib/python3.7/site-packages/urllib3/connectionpool.py", line 600, in urlopen
    chunked=chunked)
  File "/usr/local/lib/python3.7/site-packages/urllib3/connectionpool.py", line 343, in _make_request
    self._validate_conn(conn)
  File "/usr/local/lib/python3.7/site-packages/urllib3/connectionpool.py", line 839, in _validate_conn
    conn.connect()
  File "/usr/local/lib/python3.7/site-packages/urllib3/connection.py", line 301, in connect
    conn = self._new_conn()
  File "/usr/local/lib/python3.7/site-packages/urllib3/connection.py", line 168, in _new_conn
    self, "Failed to establish a new connection: %s" % e)
urllib3.exceptions.NewConnectionError: <urllib3.connection.VerifiedHTTPSConnection object at 0x6c6f3d90>: Failed to establish a new connection: [Errno -3] Try again

During handling of the above exception, another exception occurred:

Traceback (most recent call last):
  File "/usr/local/lib/python3.7/site-packages/requests/adapters.py", line 449, in send
    timeout=timeout
  File "/usr/local/lib/python3.7/site-packages/urllib3/connectionpool.py", line 638, in urlopen
    _stacktrace=sys.exc_info()[2])
  File "/usr/local/lib/python3.7/site-packages/urllib3/util/retry.py", line 399, in increment
    raise MaxRetryError(_pool, url, error or ResponseError(cause))
urllib3.exceptions.MaxRetryError: HTTPSConnectionPool(host='px1.tuyaeu.com', port=443): Max retries exceeded with url: /homeassistant/skill (Caused by NewConnectionError('<urllib3.connection.VerifiedHTTPSConnection object at 0x6c6f3d90>: Failed to establish a new connection: [Errno -3] Try again'))

During handling of the above exception, another exception occurred:

Traceback (most recent call last):
  File "/usr/local/lib/python3.7/site-packages/homeassistant/components/websocket_api/commands.py", line 121, in handle_call_service
    connection.context(msg))
  File "/usr/local/lib/python3.7/site-packages/homeassistant/core.py", line 1141, in async_call
    self._execute_service(handler, service_call))
  File "/usr/local/lib/python3.7/site-packages/homeassistant/core.py", line 1163, in _execute_service
    await handler.func(service_call)
  File "/usr/local/lib/python3.7/site-packages/homeassistant/components/light/__init__.py", line 297, in async_handle_light_on_service
    await light.async_turn_on(**pars)
  File "/usr/local/lib/python3.7/site-packages/homeassistant/components/switch/light.py", line 69, in async_turn_on
    switch.DOMAIN, switch.SERVICE_TURN_ON, data, blocking=True)
  File "/usr/local/lib/python3.7/site-packages/homeassistant/core.py", line 1141, in async_call
    self._execute_service(handler, service_call))
  File "/usr/local/lib/python3.7/site-packages/homeassistant/core.py", line 1163, in _execute_service
    await handler.func(service_call)
  File "/usr/local/lib/python3.7/site-packages/homeassistant/helpers/entity_component.py", line 194, in handle_service
    required_features
  File "/usr/local/lib/python3.7/site-packages/homeassistant/helpers/service.py", line 316, in entity_service_call
    future.result()  # pop exception if have
  File "/usr/local/lib/python3.7/site-packages/homeassistant/helpers/service.py", line 337, in _handle_service_platform_call
    await getattr(entity, func)(**data)
  File "/usr/local/lib/python3.7/concurrent/futures/thread.py", line 57, in run
    result = self.fn(*self.args, **self.kwargs)
  File "/usr/local/lib/python3.7/site-packages/homeassistant/components/tuya/switch.py", line 37, in turn_on
    self.tuya.turn_on()
  File "/usr/local/lib/python3.7/site-packages/tuyapy/devices/switch.py", line 13, in turn_on
    self.api.device_control(self.obj_id, 'turnOnOff', {'value': '1'})
  File "/usr/local/lib/python3.7/site-packages/tuyapy/tuyaapi.py", line 134, in device_control
    response = self._request(action, namespace, devId, param)
  File "/usr/local/lib/python3.7/site-packages/tuyapy/tuyaapi.py", line 159, in _request
    json = data
  File "/usr/local/lib/python3.7/site-packages/requests/api.py", line 116, in post
    return request('post', url, data=data, json=json, **kwargs)
  File "/usr/local/lib/python3.7/site-packages/requests/api.py", line 60, in request
    return session.request(method=method, url=url, **kwargs)
  File "/usr/local/lib/python3.7/site-packages/requests/sessions.py", line 533, in request
    resp = self.send(prep, **send_kwargs)
  File "/usr/local/lib/python3.7/site-packages/requests/sessions.py", line 646, in send
    r = adapter.send(request, **kwargs)
  File "/usr/local/lib/python3.7/site-packages/requests/adapters.py", line 516, in send
    raise ConnectionError(e, request=request)
requests.exceptions.ConnectionError: HTTPSConnectionPool(host='px1.tuyaeu.com', port=443): Max retries exceeded with url: /homeassistant/skill (Caused by NewConnectionError('<urllib3.connection.VerifiedHTTPSConnection object at 0x6c6f3d90>: Failed to establish a new connection: [Errno -3] Try again'))
2019-05-24 17:39:12 ERROR (SyncWorker_9) [homeassistant.components.yeelight] Unable to update bulb status: {'code': -1, 'message': 'client quota exceeded'}
2019-05-24 17:39:30 ERROR (MainThread) [homeassistant.components.automation] Error while executing automation automation.button_bidabed_single_good_night. Service not found for call_service at pos 2: (ServiceNotFound(...), 'Service rest_command.pc_sleep not found')
2019-05-24 17:39:37 ERROR (MainThread) [homeassistant.components.automation] Error while executing automation automation.button_bidabed_single_good_night. Service not found for call_service at pos 2: (ServiceNotFound(...), 'Service rest_command.pc_sleep not found')
2019-05-24 17:39:41 ERROR (MainThread) [homeassistant.components.automation] Error while executing automation automation.button_bidabed_single_good_night. Service not found for call_service at pos 2: (ServiceNotFound(...), 'Service rest_command.pc_sleep not found')
2019-05-24 17:39:47 ERROR (MainThread) [homeassistant.components.automation] Error while executing automation automation.button_bidabed_single_good_night. Service not found for call_service at pos 2: (ServiceNotFound(...), 'Service rest_command.pc_sleep not found')
2019-05-24 17:39:51 ERROR (MainThread) [homeassistant.components.automation] Error while executing automation automation.button_bidabed_single_good_night. Service not found for call_service at pos 2: (ServiceNotFound(...), 'Service rest_command.pc_sleep not found')
2019-05-24 17:40:06 INFO (MainThread) [homeassistant.components.rest_command] Success call http://192.168.0.61:8081/zeroconf/switch.
2019-05-24 17:40:06 INFO (MainThread) [homeassistant.components.rest_command] Success call http://192.168.0.62:8081/zeroconf/switch.
2019-05-24 17:40:08 INFO (MainThread) [homeassistant.components.rest_command] Success call http://192.168.0.61:8081/zeroconf/switch.
2019-05-24 17:40:08 INFO (MainThread) [homeassistant.components.rest_command] Success call http://192.168.0.62:8081/zeroconf/switch.
2019-05-24 17:40:10 INFO (MainThread) [homeassistant.components.rest_command] Success call http://192.168.0.61:8081/zeroconf/switch.
2019-05-24 17:40:10 INFO (MainThread) [homeassistant.components.rest_command] Success call http://192.168.0.62:8081/zeroconf/switch.
2019-05-24 17:40:11 INFO (MainThread) [homeassistant.components.rest_command] Success call http://192.168.0.61:8081/zeroconf/switch.
2019-05-24 17:40:11 INFO (MainThread) [homeassistant.components.rest_command] Success call http://192.168.0.62:8081/zeroconf/switch.
2019-05-24 17:40:23 INFO (MainThread) [homeassistant.components.websocket_api.http.connection.1819254032] Connection closed by client
2019-05-24 17:41:03 INFO (MainThread) [homeassistant.components.rest_command] Success call http://192.168.0.61:8081/zeroconf/switch.
2019-05-24 17:41:06 INFO (MainThread) [homeassistant.components.rest_command] Success call http://192.168.0.62:8081/zeroconf/switch.
2019-05-24 17:41:11 INFO (MainThread) [homeassistant.components.rest_command] Success call http://192.168.0.61:8081/zeroconf/switch.
2019-05-24 17:41:11 INFO (MainThread) [homeassistant.components.rest_command] Success call http://192.168.0.62:8081/zeroconf/switch.
2019-05-24 17:42:06 INFO (MainThread) [homeassistant.components.discovery] Ignoring service: yeelight {'host': '192.168.0.72', 'port': 54321, 'hostname': 'yeelink-light-color1_miio57798391.local.', 'properties': {'epoch': '1', 'mac': '34ce008ffb44'}, 'mac_address': '34ce008ffb44', 'device_type': 'color1'}
2019-05-24 17:42:06 INFO (MainThread) [homeassistant.components.discovery] Ignoring service: yeelight {'host': '192.168.0.74', 'port': 54321, 'hostname': 'yeelink-light-color2_miio133505534.local.', 'properties': {'epoch': '1', 'mac': '04cf8ca8912c'}, 'mac_address': '04cf8ca8912c', 'device_type': 'color2'}
2019-05-24 17:42:06 INFO (MainThread) [homeassistant.components.discovery] Ignoring service: yeelight {'host': '192.168.0.71', 'port': 54321, 'hostname': 'yeelink-light-color1_miio57704721.local.', 'properties': {'epoch': '1', 'mac': '34ce008e8d5e'}, 'mac_address': '34ce008e8d5e', 'device_type': 'color1'}
2019-05-24 17:42:06 INFO (MainThread) [homeassistant.components.discovery] Ignoring service: yeelight {'host': '192.168.0.73', 'port': 54321, 'hostname': 'yeelink-light-color2_miio131155263.local.', 'properties': {'epoch': '1', 'mac': '04cf8c84b46d'}, 'mac_address': '04cf8c84b46d', 'device_type': 'color2'}
2019-05-24 17:42:37 INFO (MainThread) [homeassistant.components.rest_command] Success call http://192.168.0.61:8081/zeroconf/switch.
2019-05-24 17:43:59 INFO (MainThread) [homeassistant.components.rest_command] Success call http://192.168.0.61:8081/zeroconf/switch.
2019-05-24 17:44:58 INFO (MainThread) [homeassistant.components.rest_command] Success call http://192.168.0.61:8081/zeroconf/switch.
2019-05-24 17:45:09 INFO (MainThread) [homeassistant.components.rest_command] Success call http://192.168.0.61:8081/zeroconf/switch.
2019-05-24 17:45:25 INFO (MainThread) [homeassistant.components.rest_command] Success call http://192.168.0.61:8081/zeroconf/switch.
2019-05-24 17:46:10 INFO (MainThread) [homeassistant.components.rest_command] Success call http://192.168.0.61:8081/zeroconf/switch.
2019-05-24 17:46:40 INFO (MainThread) [homeassistant.components.rest_command] Success call http://192.168.0.61:8081/zeroconf/switch.
2019-05-24 17:46:51 INFO (MainThread) [homeassistant.components.rest_command] Success call http://192.168.0.61:8081/zeroconf/switch.
2019-05-24 17:46:51 INFO (MainThread) [homeassistant.components.rest_command] Success call http://192.168.0.62:8081/zeroconf/switch.
2019-05-24 17:47:19 INFO (MainThread) [homeassistant.components.discovery] Ignoring service: yeelight {'host': '192.168.0.73', 'port': 54321, 'hostname': 'yeelink-light-color2_miio131155263.local.', 'properties': {'epoch': '1', 'mac': '04cf8c84b46d'}, 'mac_address': '04cf8c84b46d', 'device_type': 'color2'}
2019-05-24 17:47:19 INFO (MainThread) [homeassistant.components.discovery] Ignoring service: yeelight {'host': '192.168.0.72', 'port': 54321, 'hostname': 'yeelink-light-color1_miio57798391.local.', 'properties': {'epoch': '1', 'mac': '34ce008ffb44'}, 'mac_address': '34ce008ffb44', 'device_type': 'color1'}
2019-05-24 17:47:19 INFO (MainThread) [homeassistant.components.discovery] Ignoring service: yeelight {'host': '192.168.0.71', 'port': 54321, 'hostname': 'yeelink-light-color1_miio57704721.local.', 'properties': {'epoch': '1', 'mac': '34ce008e8d5e'}, 'mac_address': '34ce008e8d5e', 'device_type': 'color1'}
2019-05-24 17:47:19 INFO (MainThread) [homeassistant.components.discovery] Ignoring service: yeelight {'host': '192.168.0.74', 'port': 54321, 'hostname': 'yeelink-light-color2_miio133505534.local.', 'properties': {'epoch': '1', 'mac': '04cf8ca8912c'}, 'mac_address': '04cf8ca8912c', 'device_type': 'color2'}
